0 info it worked if it ends with ok
1 verbose cli [ 'node', '/usr/local/bin/npm', 'install', 'grunt-contrib-clean' ]
2 info using npm@1.2.23
3 info using node@v0.10.8
4 verbose read json /Users/adam_wagner/Sites/brv5-prod/wp-content/themes/badracket/package.json
5 error Failed to parse json
5 error Unexpected token }
6 error File: /Users/adam_wagner/Sites/brv5-prod/wp-content/themes/badracket/package.json
7 error Failed to parse package.json data.
7 error package.json must be actual JSON, not just JavaScript.
7 error
7 error This is not a bug in npm.
7 error Tell the package author to fix their package.json file. JSON.parse
8 error System Darwin 12.3.0
9 error command "node" "/usr/local/bin/npm" "install" "grunt-contrib-clean"
10 error cwd /Users/adam_wagner/Sites/brv5-prod/wp-content/themes/badracket
11 error node -v v0.10.8
12 error npm -v 1.2.23
13 error file /Users/adam_wagner/Sites/brv5-prod/wp-content/themes/badracket/package.json
14 error code EJSONPARSE
15 verbose exit [ 1, true ]
